<?xml version="1.0" encoding="UTF-8"?>
<!-- Generated by org.testng.reporters.JUnitReportReporter -->
<testsuite skipped="0" hostname="LAPTOP-2MJHC481" name="com.api.restcode.GetMultiUser" tests="3" failures="0" timestamp="28 Nov 2019 19:47:14 GMT" time="2.386" errors="0">
  <testcase name="Test2" time="0.112" classname="com.api.restcode.GetMultiUser"/>
  <testcase name="Test3" time="0.136" classname="com.api.restcode.GetMultiUser"/>
  <testcase name="Test1" time="2.138" classname="com.api.restcode.GetMultiUser"/>
</testsuite> <!-- com.api.restcode.GetMultiUser -->
